Analysis & Synthesis report for Quadra
Sun Jan  7 22:30:17 2024
Quartus Prime Version 23.1std.0 Build 991 11/28/2023 SC Lite Edition


---------------------
; Table of Contents ;
---------------------
  1. Legal Notice
  2. Analysis & Synthesis Summary
  3. Analysis & Synthesis Settings
  4. Parallel Compilation
  5. Analysis & Synthesis Source Files Read
  6. Analysis & Synthesis Resource Usage Summary
  7. Analysis & Synthesis Resource Utilization by Entity
  8. Analysis & Synthesis DSP Block Usage Summary
  9. General Register Statistics
 10. Port Connectivity Checks: "quadra:quadra_instance|lut:lut_instance"
 11. Post-Synthesis Netlist Statistics for Top Partition
 12. Elapsed Time Per Partition
 13. Analysis & Synthesis Messages



----------------
; Legal Notice ;
----------------
Copyright (C) 2023  Intel Corporation. All rights reserved.
Your use of Intel Corporation's design tools, logic functions 
and other software and tools, and any partner logic 
functions, and any output files from any of the foregoing 
(including device programming or simulation files), and any 
associated documentation or information are expressly subject 
to the terms and conditions of the Intel Program License 
Subscription Agreement, the Intel Quartus Prime License Agreement,
the Intel FPGA IP License Agreement, or other applicable license
agreement, including, without limitation, that your use is for
the sole purpose of programming logic devices manufactured by
Intel and sold by Intel or its authorized distributors.  Please
refer to the applicable agreement for further details, at
https://fpgasoftware.intel.com/eula.



+----------------------------------------------------------------------------------+
; Analysis & Synthesis Summary                                                     ;
+---------------------------------+------------------------------------------------+
; Analysis & Synthesis Status     ; Successful - Sun Jan  7 22:30:17 2024          ;
; Quartus Prime Version           ; 23.1std.0 Build 991 11/28/2023 SC Lite Edition ;
; Revision Name                   ; Quadra                                         ;
; Top-level Entity Name           ; quadra_top                                     ;
; Family                          ; Cyclone V                                      ;
; Logic utilization (in ALMs)     ; N/A                                            ;
; Total registers                 ; 3                                              ;
; Total pins                      ; 52                                             ;
; Total virtual pins              ; 0                                              ;
; Total block memory bits         ; 0                                              ;
; Total DSP Blocks                ; 2                                              ;
; Total HSSI RX PCSs              ; 0                                              ;
; Total HSSI PMA RX Deserializers ; 0                                              ;
; Total HSSI TX PCSs              ; 0                                              ;
; Total HSSI PMA TX Serializers   ; 0                                              ;
; Total PLLs                      ; 0                                              ;
; Total DLLs                      ; 0                                              ;
+---------------------------------+------------------------------------------------+


+---------------------------------------------------------------------------------------------------------------------------+
; Analysis & Synthesis Settings                                                                                             ;
+---------------------------------------------------------------------------------+--------------------+--------------------+
; Option                                                                          ; Setting            ; Default Value      ;
+---------------------------------------------------------------------------------+--------------------+--------------------+
; Device                                                                          ; 5CGXFC7C7F23C8     ;                    ;
; Top-level entity name                                                           ; quadra_top         ; Quadra             ;
; Family name                                                                     ; Cyclone V          ; Cyclone V          ;
; Use smart compilation                                                           ; Off                ; Off                ;
; Enable parallel Assembler and Timing Analyzer during compilation                ; On                 ; On                 ;
; Enable compact report table                                                     ; Off                ; Off                ;
; Restructure Multiplexers                                                        ; Auto               ; Auto               ;
; MLAB Add Timing Constraints For Mixed-Port Feed-Through Mode Setting Don't Care ; Off                ; Off                ;
; Create Debugging Nodes for IP Cores                                             ; Off                ; Off                ;
; Preserve fewer node names                                                       ; On                 ; On                 ;
; Intel FPGA IP Evaluation Mode                                                   ; Enable             ; Enable             ;
; Verilog Version                                                                 ; Verilog_2001       ; Verilog_2001       ;
; VHDL Version                                                                    ; VHDL_1993          ; VHDL_1993          ;
; State Machine Processing                                                        ; Auto               ; Auto               ;
; Safe State Machine                                                              ; Off                ; Off                ;
; Extract Verilog State Machines                                                  ; On                 ; On                 ;
; Extract VHDL State Machines                                                     ; On                 ; On                 ;
; Ignore Verilog initial constructs                                               ; Off                ; Off                ;
; Iteration limit for constant Verilog loops                                      ; 5000               ; 5000               ;
; Iteration limit for non-constant Verilog loops                                  ; 250                ; 250                ;
; Add Pass-Through Logic to Inferred RAMs                                         ; On                 ; On                 ;
; Infer RAMs from Raw Logic                                                       ; On                 ; On                 ;
; Parallel Synthesis                                                              ; On                 ; On                 ;
; DSP Block Balancing                                                             ; Auto               ; Auto               ;
; NOT Gate Push-Back                                                              ; On                 ; On                 ;
; Power-Up Don't Care                                                             ; On                 ; On                 ;
; Remove Redundant Logic Cells                                                    ; Off                ; Off                ;
; Remove Duplicate Registers                                                      ; On                 ; On                 ;
; Ignore CARRY Buffers                                                            ; Off                ; Off                ;
; Ignore CASCADE Buffers                                                          ; Off                ; Off                ;
; Ignore GLOBAL Buffers                                                           ; Off                ; Off                ;
; Ignore ROW GLOBAL Buffers                                                       ; Off                ; Off                ;
; Ignore LCELL Buffers                                                            ; Off                ; Off                ;
; Ignore SOFT Buffers                                                             ; On                 ; On                 ;
; Limit AHDL Integers to 32 Bits                                                  ; Off                ; Off                ;
; Optimization Technique                                                          ; Balanced           ; Balanced           ;
; Carry Chain Length                                                              ; 70                 ; 70                 ;
; Auto Carry Chains                                                               ; On                 ; On                 ;
; Auto Open-Drain Pins                                                            ; On                 ; On                 ;
; Perform WYSIWYG Primitive Resynthesis                                           ; Off                ; Off                ;
; Auto ROM Replacement                                                            ; On                 ; On                 ;
; Auto RAM Replacement                                                            ; On                 ; On                 ;
; Auto DSP Block Replacement                                                      ; On                 ; On                 ;
; Auto Shift Register Replacement                                                 ; Auto               ; Auto               ;
; Allow Shift Register Merging across Hierarchies                                 ; Auto               ; Auto               ;
; Auto Clock Enable Replacement                                                   ; On                 ; On                 ;
; Strict RAM Replacement                                                          ; Off                ; Off                ;
; Allow Synchronous Control Signals                                               ; On                 ; On                 ;
; Force Use of Synchronous Clear Signals                                          ; Off                ; Off                ;
; Auto Resource Sharing                                                           ; Off                ; Off                ;
; Allow Any RAM Size For Recognition                                              ; Off                ; Off                ;
; Allow Any ROM Size For Recognition                                              ; Off                ; Off                ;
; Allow Any Shift Register Size For Recognition                                   ; Off                ; Off                ;
; Use LogicLock Constraints during Resource Balancing                             ; On                 ; On                 ;
; Ignore translate_off and synthesis_off directives                               ; Off                ; Off                ;
; Timing-Driven Synthesis                                                         ; On                 ; On                 ;
; Report Parameter Settings                                                       ; On                 ; On                 ;
; Report Source Assignments                                                       ; On                 ; On                 ;
; Report Connectivity Checks                                                      ; On                 ; On                 ;
; Ignore Maximum Fan-Out Assignments                                              ; Off                ; Off                ;
; Synchronization Register Chain Length                                           ; 3                  ; 3                  ;
; Power Optimization During Synthesis                                             ; Normal compilation ; Normal compilation ;
; HDL message level                                                               ; Level2             ; Level2             ;
; Suppress Register Optimization Related Messages                                 ; Off                ; Off                ;
; Number of Removed Registers Reported in Synthesis Report                        ; 5000               ; 5000               ;
; Number of Swept Nodes Reported in Synthesis Report                              ; 5000               ; 5000               ;
; Number of Inverted Registers Reported in Synthesis Report                       ; 100                ; 100                ;
; Clock MUX Protection                                                            ; On                 ; On                 ;
; Auto Gated Clock Conversion                                                     ; Off                ; Off                ;
; Block Design Naming                                                             ; Auto               ; Auto               ;
; SDC constraint protection                                                       ; Off                ; Off                ;
; Synthesis Effort                                                                ; Auto               ; Auto               ;
; Shift Register Replacement - Allow Asynchronous Clear Signal                    ; On                 ; On                 ;
; Pre-Mapping Resynthesis Optimization                                            ; Off                ; Off                ;
; Analysis & Synthesis Message Level                                              ; Medium             ; Medium             ;
; Disable Register Merging Across Hierarchies                                     ; Auto               ; Auto               ;
; Resource Aware Inference For Block RAM                                          ; On                 ; On                 ;
; Automatic Parallel Synthesis                                                    ; On                 ; On                 ;
; Partial Reconfiguration Bitstream ID                                            ; Off                ; Off                ;
+---------------------------------------------------------------------------------+--------------------+--------------------+


+------------------------------------------+
; Parallel Compilation                     ;
+----------------------------+-------------+
; Processors                 ; Number      ;
+----------------------------+-------------+
; Number detected on machine ; 4           ;
; Maximum allowed            ; 4           ;
;                            ;             ;
; Average used               ; 1.00        ;
; Maximum used               ; 4           ;
;                            ;             ;
; Usage by Processor         ; % Time Used ;
;     Processor 1            ; 100.0%      ;
;     Processors 2-4         ;   0.0%      ;
+----------------------------+-------------+


+----------------------------------------------------------------------------------------------------------------------------------------------------------+
; Analysis & Synthesis Source Files Read                                                                                                                   ;
+----------------------------------+-----------------+------------------------------+------------------------------------------------------------+---------+
; File Name with User-Entered Path ; Used in Netlist ; File Type                    ; File Name with Absolute Path                               ; Library ;
+----------------------------------+-----------------+------------------------------+------------------------------------------------------------+---------+
; square.vs                        ; yes             ; User SystemVerilog HDL File  ; C:/Users/MaciejWecki/Desktop/Intel/Task_3_V2/square.vs     ;         ;
; lut.vs                           ; yes             ; User SystemVerilog HDL File  ; C:/Users/MaciejWecki/Desktop/Intel/Task_3_V2/lut.vs        ;         ;
; quadra.vh                        ; yes             ; User Verilog HDL File        ; C:/Users/MaciejWecki/Desktop/Intel/Task_3_V2/quadra.vh     ;         ;
; quadra.vs                        ; yes             ; User SystemVerilog HDL File  ; C:/Users/MaciejWecki/Desktop/Intel/Task_3_V2/quadra.vs     ;         ;
; quadra_top.vs                    ; yes             ; User SystemVerilog HDL File  ; C:/Users/MaciejWecki/Desktop/Intel/Task_3_V2/quadra_top.vs ;         ;
+----------------------------------+-----------------+------------------------------+------------------------------------------------------------+---------+


+---------------------------------------------------------------------------+
; Analysis & Synthesis Resource Usage Summary                               ;
+---------------------------------------------+-----------------------------+
; Resource                                    ; Usage                       ;
+---------------------------------------------+-----------------------------+
; Estimate of Logic utilization (ALMs needed) ; 2                           ;
;                                             ;                             ;
; Combinational ALUT usage for logic          ; 3                           ;
;     -- 7 input functions                    ; 0                           ;
;     -- 6 input functions                    ; 0                           ;
;     -- 5 input functions                    ; 0                           ;
;     -- 4 input functions                    ; 0                           ;
;     -- <=3 input functions                  ; 3                           ;
;                                             ;                             ;
; Dedicated logic registers                   ; 3                           ;
;                                             ;                             ;
; I/O pins                                    ; 52                          ;
;                                             ;                             ;
; Total DSP Blocks                            ; 2                           ;
;                                             ;                             ;
; Maximum fan-out node                        ; quadra:quadra_instance|y[0] ;
; Maximum fan-out                             ; 18                          ;
; Total fan-out                               ; 84                          ;
; Average fan-out                             ; 0.75                        ;
+---------------------------------------------+-----------------------------+


+----------------------------------------------------------------------------------------------------------------------------------------------------------------------------------------------------------------------------------+
; Analysis & Synthesis Resource Utilization by Entity                                                                                                                                                                              ;
+--------------------------------+---------------------+---------------------------+-------------------+------------+------+--------------+-----------------------------------------------------------+-------------+--------------+
; Compilation Hierarchy Node     ; Combinational ALUTs ; Dedicated Logic Registers ; Block Memory Bits ; DSP Blocks ; Pins ; Virtual Pins ; Full Hierarchy Name                                       ; Entity Name ; Library Name ;
+--------------------------------+---------------------+---------------------------+-------------------+------------+------+--------------+-----------------------------------------------------------+-------------+--------------+
; |quadra_top                    ; 3 (3)               ; 3 (3)                     ; 0                 ; 2          ; 52   ; 0            ; |quadra_top                                               ; quadra_top  ; work         ;
;    |quadra:quadra_instance|    ; 0 (0)               ; 0 (0)                     ; 0                 ; 2          ; 0    ; 0            ; |quadra_top|quadra:quadra_instance                        ; quadra      ; work         ;
;       |square:square_instance| ; 0 (0)               ; 0 (0)                     ; 0                 ; 1          ; 0    ; 0            ; |quadra_top|quadra:quadra_instance|square:square_instance ; square      ; work         ;
+--------------------------------+---------------------+---------------------------+-------------------+------------+------+--------------+-----------------------------------------------------------+-------------+--------------+
Note: For table entries with two numbers listed, the numbers in parentheses indicate the number of resources of the given type used by the specific entity alone. The numbers listed outside of parentheses indicate the total resources of the given type used by the specific entity and all of its sub-entities in the hierarchy.


+-----------------------------------------------+
; Analysis & Synthesis DSP Block Usage Summary  ;
+---------------------------------+-------------+
; Statistic                       ; Number Used ;
+---------------------------------+-------------+
; Independent 9x9                 ; 1           ;
; Sum of two 18x18                ; 1           ;
; Total number of DSP blocks      ; 2           ;
;                                 ;             ;
; Fixed Point Unsigned Multiplier ; 3           ;
+---------------------------------+-------------+


+------------------------------------------------------+
; General Register Statistics                          ;
+----------------------------------------------+-------+
; Statistic                                    ; Value ;
+----------------------------------------------+-------+
; Total registers                              ; 3     ;
; Number of registers using Synchronous Clear  ; 0     ;
; Number of registers using Synchronous Load   ; 0     ;
; Number of registers using Asynchronous Clear ; 0     ;
; Number of registers using Asynchronous Load  ; 0     ;
; Number of registers using Clock Enable       ; 0     ;
; Number of registers using Preset             ; 0     ;
+----------------------------------------------+-------+


+--------------------------------------------------------------------------------------------------------------------------------------------------------------------------------------------------------------+
; Port Connectivity Checks: "quadra:quadra_instance|lut:lut_instance"                                                                                                                                          ;
+------+-------+----------+------------------------------------------------------------------------------------------------------------------------------------------------------------------------------------+
; Port ; Type  ; Severity ; Details                                                                                                                                                                            ;
+------+-------+----------+------------------------------------------------------------------------------------------------------------------------------------------------------------------------------------+
; x1   ; Input ; Warning  ; Input port expression (24 bits) is wider than the input port (8 bits) it drives.  The 16 most-significant bit(s) in the expression will be dangling if they have no other fanouts. ;
+------+-------+----------+------------------------------------------------------------------------------------------------------------------------------------------------------------------------------------+


+-----------------------------------------------------+
; Post-Synthesis Netlist Statistics for Top Partition ;
+-----------------------+-----------------------------+
; Type                  ; Count                       ;
+-----------------------+-----------------------------+
; arriav_ff             ; 3                           ;
;     plain             ; 3                           ;
; arriav_lcell_comb     ; 4                           ;
;     normal            ; 4                           ;
;         0 data inputs ; 1                           ;
;         2 data inputs ; 3                           ;
; arriav_mac            ; 2                           ;
; boundary_port         ; 52                          ;
;                       ;                             ;
; Max LUT depth         ; 1.00                        ;
; Average LUT depth     ; 0.19                        ;
+-----------------------+-----------------------------+


+-------------------------------+
; Elapsed Time Per Partition    ;
+----------------+--------------+
; Partition Name ; Elapsed Time ;
+----------------+--------------+
; Top            ; 00:00:00     ;
+----------------+--------------+


+-------------------------------+
; Analysis & Synthesis Messages ;
+-------------------------------+
Info: *******************************************************************
Info: Running Quartus Prime Analysis & Synthesis
    Info: Version 23.1std.0 Build 991 11/28/2023 SC Lite Edition
    Info: Processing started: Sun Jan  7 22:30:06 2024
Info: Command: quartus_map --read_settings_files=on --write_settings_files=off Quadra -c Quadra
Warning (18236): Number of processors has not been specified which may cause overloading on shared machines.  Set the global assignment NUM_PARALLEL_PROCESSORS in your QSF to an appropriate value for best performance.
Info (20030): Parallel compilation is enabled and will use 4 of the 4 processors detected
Info (12021): Found 1 design units, including 1 entities, in source file square.vs
    Info (12023): Found entity 1: square File: C:/Users/MaciejWecki/Desktop/Intel/Task_3_V2/square.vs Line: 3
Info (12021): Found 1 design units, including 1 entities, in source file lut.vs
    Info (12023): Found entity 1: lut File: C:/Users/MaciejWecki/Desktop/Intel/Task_3_V2/lut.vs Line: 3
Info (12021): Found 0 design units, including 0 entities, in source file quadra.vh
Info (12021): Found 1 design units, including 1 entities, in source file quadra.vs
    Info (12023): Found entity 1: quadra File: C:/Users/MaciejWecki/Desktop/Intel/Task_3_V2/quadra.vs Line: 7
Info (12021): Found 1 design units, including 1 entities, in source file quadra_tb.vs
    Info (12023): Found entity 1: quadra_tb File: C:/Users/MaciejWecki/Desktop/Intel/Task_3_V2/quadra_tb.vs Line: 15
Info (12021): Found 1 design units, including 1 entities, in source file quadra_top.vs
    Info (12023): Found entity 1: quadra_top File: C:/Users/MaciejWecki/Desktop/Intel/Task_3_V2/quadra_top.vs Line: 3
Info (12127): Elaborating entity "quadra_top" for the top level hierarchy
Warning (10175): Verilog HDL warning at quadra_top.vs(41): ignoring unsupported system task File: C:/Users/MaciejWecki/Desktop/Intel/Task_3_V2/quadra_top.vs Line: 41
Warning (10175): Verilog HDL warning at quadra_top.vs(42): ignoring unsupported system task File: C:/Users/MaciejWecki/Desktop/Intel/Task_3_V2/quadra_top.vs Line: 42
Info (12128): Elaborating entity "quadra" for hierarchy "quadra:quadra_instance" File: C:/Users/MaciejWecki/Desktop/Intel/Task_3_V2/quadra_top.vs Line: 31
Info (12128): Elaborating entity "lut" for hierarchy "quadra:quadra_instance|lut:lut_instance" File: C:/Users/MaciejWecki/Desktop/Intel/Task_3_V2/quadra.vs Line: 30
Info (12128): Elaborating entity "square" for hierarchy "quadra:quadra_instance|square:square_instance" File: C:/Users/MaciejWecki/Desktop/Intel/Task_3_V2/quadra.vs Line: 35
Warning (12241): 1 hierarchies have connectivity warnings - see the Connectivity Checks report folder
Warning (13024): Output pins are stuck at VCC or GND
    Warning (13410): Pin "y[18]" is stuck at GND File: C:/Users/MaciejWecki/Desktop/Intel/Task_3_V2/quadra_top.vs Line: 9
    Warning (13410): Pin "y[19]" is stuck at GND File: C:/Users/MaciejWecki/Desktop/Intel/Task_3_V2/quadra_top.vs Line: 9
    Warning (13410): Pin "y[20]" is stuck at GND File: C:/Users/MaciejWecki/Desktop/Intel/Task_3_V2/quadra_top.vs Line: 9
    Warning (13410): Pin "y[21]" is stuck at GND File: C:/Users/MaciejWecki/Desktop/Intel/Task_3_V2/quadra_top.vs Line: 9
    Warning (13410): Pin "y[22]" is stuck at GND File: C:/Users/MaciejWecki/Desktop/Intel/Task_3_V2/quadra_top.vs Line: 9
    Warning (13410): Pin "y[23]" is stuck at GND File: C:/Users/MaciejWecki/Desktop/Intel/Task_3_V2/quadra_top.vs Line: 9
Info (286030): Timing-Driven Synthesis is running
Info (16010): Generating hard_block partition "hard_block:auto_generated_inst"
    Info (16011): Adding 0 node(s), including 0 DDIO, 0 PLL, 0 transceiver and 0 LCELL
Warning (21074): Design contains 24 input pin(s) that do not drive logic
    Warning (15610): No output dependent on input pin "x[0]" File: C:/Users/MaciejWecki/Desktop/Intel/Task_3_V2/quadra_top.vs Line: 7
    Warning (15610): No output dependent on input pin "x[1]" File: C:/Users/MaciejWecki/Desktop/Intel/Task_3_V2/quadra_top.vs Line: 7
    Warning (15610): No output dependent on input pin "x[2]" File: C:/Users/MaciejWecki/Desktop/Intel/Task_3_V2/quadra_top.vs Line: 7
    Warning (15610): No output dependent on input pin "x[3]" File: C:/Users/MaciejWecki/Desktop/Intel/Task_3_V2/quadra_top.vs Line: 7
    Warning (15610): No output dependent on input pin "x[4]" File: C:/Users/MaciejWecki/Desktop/Intel/Task_3_V2/quadra_top.vs Line: 7
    Warning (15610): No output dependent on input pin "x[5]" File: C:/Users/MaciejWecki/Desktop/Intel/Task_3_V2/quadra_top.vs Line: 7
    Warning (15610): No output dependent on input pin "x[6]" File: C:/Users/MaciejWecki/Desktop/Intel/Task_3_V2/quadra_top.vs Line: 7
    Warning (15610): No output dependent on input pin "x[7]" File: C:/Users/MaciejWecki/Desktop/Intel/Task_3_V2/quadra_top.vs Line: 7
    Warning (15610): No output dependent on input pin "x[8]" File: C:/Users/MaciejWecki/Desktop/Intel/Task_3_V2/quadra_top.vs Line: 7
    Warning (15610): No output dependent on input pin "x[9]" File: C:/Users/MaciejWecki/Desktop/Intel/Task_3_V2/quadra_top.vs Line: 7
    Warning (15610): No output dependent on input pin "x[10]" File: C:/Users/MaciejWecki/Desktop/Intel/Task_3_V2/quadra_top.vs Line: 7
    Warning (15610): No output dependent on input pin "x[11]" File: C:/Users/MaciejWecki/Desktop/Intel/Task_3_V2/quadra_top.vs Line: 7
    Warning (15610): No output dependent on input pin "x[12]" File: C:/Users/MaciejWecki/Desktop/Intel/Task_3_V2/quadra_top.vs Line: 7
    Warning (15610): No output dependent on input pin "x[13]" File: C:/Users/MaciejWecki/Desktop/Intel/Task_3_V2/quadra_top.vs Line: 7
    Warning (15610): No output dependent on input pin "x[14]" File: C:/Users/MaciejWecki/Desktop/Intel/Task_3_V2/quadra_top.vs Line: 7
    Warning (15610): No output dependent on input pin "x[15]" File: C:/Users/MaciejWecki/Desktop/Intel/Task_3_V2/quadra_top.vs Line: 7
    Warning (15610): No output dependent on input pin "x[16]" File: C:/Users/MaciejWecki/Desktop/Intel/Task_3_V2/quadra_top.vs Line: 7
    Warning (15610): No output dependent on input pin "x[17]" File: C:/Users/MaciejWecki/Desktop/Intel/Task_3_V2/quadra_top.vs Line: 7
    Warning (15610): No output dependent on input pin "x[18]" File: C:/Users/MaciejWecki/Desktop/Intel/Task_3_V2/quadra_top.vs Line: 7
    Warning (15610): No output dependent on input pin "x[19]" File: C:/Users/MaciejWecki/Desktop/Intel/Task_3_V2/quadra_top.vs Line: 7
    Warning (15610): No output dependent on input pin "x[20]" File: C:/Users/MaciejWecki/Desktop/Intel/Task_3_V2/quadra_top.vs Line: 7
    Warning (15610): No output dependent on input pin "x[21]" File: C:/Users/MaciejWecki/Desktop/Intel/Task_3_V2/quadra_top.vs Line: 7
    Warning (15610): No output dependent on input pin "x[22]" File: C:/Users/MaciejWecki/Desktop/Intel/Task_3_V2/quadra_top.vs Line: 7
    Warning (15610): No output dependent on input pin "x[23]" File: C:/Users/MaciejWecki/Desktop/Intel/Task_3_V2/quadra_top.vs Line: 7
Info (21057): Implemented 57 device resources after synthesis - the final resource count might be different
    Info (21058): Implemented 27 input pins
    Info (21059): Implemented 25 output pins
    Info (21061): Implemented 3 logic cells
    Info (21062): Implemented 2 DSP elements
Info: Quartus Prime Analysis & Synthesis was successful. 0 errors, 36 warnings
    Info: Peak virtual memory: 4831 megabytes
    Info: Processing ended: Sun Jan  7 22:30:17 2024
    Info: Elapsed time: 00:00:11
    Info: Total CPU time (on all processors): 00:00:21


